<?xml version="1.0" encoding="UTF-8"?>
<!-- Generated by org.testng.reporters.JUnitReportReporter -->
<testsuite hostname="LAPTOP-D72R403P" failures="0" tests="3" name="Runner.CucumberRunnerTests" time="93.543" errors="0" timestamp="2023-04-20T20:49:05 IST" skipped="0">
  <testcase classname="Runner.CucumberRunnerTests" name="runScenario" time="37.172"/>
  <system-out/>
  <testcase classname="Runner.CucumberRunnerTests" name="runScenario" time="23.048"/>
  <system-out/>
  <testcase classname="Runner.CucumberRunnerTests" name="runScenario" time="33.323"/>
  <system-out/>
</testsuite> <!-- Runner.CucumberRunnerTests -->
